<?xml version="1.0" encoding="UTF-8"?>
<!-- Generated by org.testng.reporters.JUnitReportReporter -->
<testsuite skipped="0" hostname="Samik-PC" name="com.pragiti.excutionEngine.Abc" tests="1" failures="0" timestamp="18 Jul 2017 19:00:12 GMT" time="4.666" errors="0">
  <testcase name="def" time="4.666" classname="com.pragiti.excutionEngine.Abc"/>
</testsuite> <!-- com.pragiti.excutionEngine.Abc -->
