<?xml version="1.0" encoding="UTF-8"?>
<!-- Generated by org.testng.reporters.JUnitReportReporter -->
<testsuite skipped="0" hostname="Samik-PC" name="com.pragiti.excutionEngine.UIExecutor" tests="5" failures="0" timestamp="23 Aug 2017 19:36:15 GMT" time="61.533" errors="0">
  <testcase name="execute" time="6.659" classname="com.pragiti.excutionEngine.UIExecutor"/>
  <testcase name="execute" time="5.474" classname="com.pragiti.excutionEngine.UIExecutor"/>
  <testcase name="execute" time="8.692" classname="com.pragiti.excutionEngine.UIExecutor"/>
  <testcase name="execute" time="14.271" classname="com.pragiti.excutionEngine.UIExecutor"/>
  <testcase name="execute" time="26.437" classname="com.pragiti.excutionEngine.UIExecutor"/>
</testsuite> <!-- com.pragiti.excutionEngine.UIExecutor -->
