<?xml version="1.0" encoding="UTF-8"?>
<!-- Generated by org.testng.reporters.JUnitReportReporter -->
<testsuite skipped="0" hostname="Samik-PC" name="com.pragiti.excutionEngine.UIExecutor" tests="2" failures="0" timestamp="30 Aug 2017 00:41:03 GMT" time="244.372" errors="0">
  <testcase name="execute" time="116.702" classname="com.pragiti.excutionEngine.UIExecutor"/>
  <testcase name="execute" time="127.670" classname="com.pragiti.excutionEngine.UIExecutor"/>
</testsuite> <!-- com.pragiti.excutionEngine.UIExecutor -->
