<?xml version="1.0" encoding="UTF-8"?>
<!-- Generated by org.testng.reporters.JUnitReportReporter -->
<testsuite skipped="0" hostname="Samik-PC" name="com.pragiti.abc.Hola" tests="2" failures="0" timestamp="14 Jun 2017 05:32:43 GMT" time="0.016" errors="0">
  <testcase name="executeTest" time="0.002" classname="com.pragiti.abc.Hola"/>
  <testcase name="executeTest" time="0.014" classname="com.pragiti.abc.Hola"/>
</testsuite> <!-- com.pragiti.abc.Hola -->
