<?xml version="1.0" encoding="UTF-8"?>
<!-- Generated by org.testng.reporters.JUnitReportReporter -->
<testsuite skipped="0" hostname="Samik-PC" name="com.pragiti.excutionEngine.UIExecutor" tests="2" failures="0" timestamp="18 Jul 2017 01:30:45 GMT" time="24.479" errors="0">
  <testcase name="execute" time="11.626" classname="com.pragiti.excutionEngine.UIExecutor"/>
  <testcase name="execute" time="12.853" classname="com.pragiti.excutionEngine.UIExecutor"/>
</testsuite> <!-- com.pragiti.excutionEngine.UIExecutor -->
