<?xml version="1.0" encoding="UTF-8"?>
<!-- Generated by org.testng.reporters.JUnitReportReporter -->
<testsuite skipped="0" hostname="Samik-PC" name="com.pragiti.excutionEngine.Abc" tests="2" failures="0" timestamp="17 Jul 2017 22:57:48 GMT" time="0.007" errors="0">
  <testcase name="def" time="0.006" classname="com.pragiti.excutionEngine.Abc"/>
  <testcase name="def" time="0.001" classname="com.pragiti.excutionEngine.Abc"/>
</testsuite> <!-- com.pragiti.excutionEngine.Abc -->
