<?xml version="1.0" encoding="UTF-8"?>
<!-- Generated by org.testng.reporters.JUnitReportReporter -->
<testsuite skipped="0" hostname="Samik-PC" name="com.pragiti.excutionEngine.UIExecutor" tests="7" failures="0" timestamp="12 Aug 2017 00:22:52 GMT" time="76.898" errors="0">
  <testcase name="execute" time="7.648" classname="com.pragiti.excutionEngine.UIExecutor"/>
  <testcase name="execute" time="4.372" classname="com.pragiti.excutionEngine.UIExecutor"/>
  <testcase name="execute" time="16.302" classname="com.pragiti.excutionEngine.UIExecutor"/>
  <testcase name="execute" time="28.376" classname="com.pragiti.excutionEngine.UIExecutor"/>
  <testcase name="execute" time="7.107" classname="com.pragiti.excutionEngine.UIExecutor"/>
  <testcase name="execute" time="5.614" classname="com.pragiti.excutionEngine.UIExecutor"/>
  <testcase name="execute" time="7.479" classname="com.pragiti.excutionEngine.UIExecutor"/>
</testsuite> <!-- com.pragiti.excutionEngine.UIExecutor -->
