<?xml version="1.0" encoding="UTF-8"?>
<!-- Generated by org.testng.reporters.JUnitReportReporter -->
<testsuite skipped="0" hostname="Samik-PC" name="com.pragiti.excutionEngine.UIExecutor" tests="14" failures="0" timestamp="17 Aug 2017 00:52:54 GMT" time="198.027" errors="0">
  <testcase name="execute" time="36.923" classname="com.pragiti.excutionEngine.UIExecutor"/>
  <testcase name="execute" time="37.777" classname="com.pragiti.excutionEngine.UIExecutor"/>
  <testcase name="execute" time="7.657" classname="com.pragiti.excutionEngine.UIExecutor"/>
  <testcase name="execute" time="19.439" classname="com.pragiti.excutionEngine.UIExecutor"/>
  <testcase name="execute" time="9.614" classname="com.pragiti.excutionEngine.UIExecutor"/>
  <testcase name="execute" time="10.186" classname="com.pragiti.excutionEngine.UIExecutor"/>
  <testcase name="execute" time="9.594" classname="com.pragiti.excutionEngine.UIExecutor"/>
  <testcase name="execute" time="7.455" classname="com.pragiti.excutionEngine.UIExecutor"/>
  <testcase name="execute" time="22.876" classname="com.pragiti.excutionEngine.UIExecutor"/>
  <testcase name="execute" time="5.368" classname="com.pragiti.excutionEngine.UIExecutor"/>
  <testcase name="execute" time="9.265" classname="com.pragiti.excutionEngine.UIExecutor"/>
  <testcase name="execute" time="5.281" classname="com.pragiti.excutionEngine.UIExecutor"/>
  <testcase name="execute" time="8.177" classname="com.pragiti.excutionEngine.UIExecutor"/>
  <testcase name="execute" time="8.415" classname="com.pragiti.excutionEngine.UIExecutor"/>
</testsuite> <!-- com.pragiti.excutionEngine.UIExecutor -->
