<?xml version="1.0" encoding="UTF-8"?>
<!-- Generated by org.testng.reporters.JUnitReportReporter -->
<testsuite skipped="0" hostname="Samik-PC" name="com.pragiti.abc.Hoola" tests="6" failures="0" timestamp="09 Jun 2017 17:08:06 GMT" time="0.029" errors="0">
  <testcase name="checkout" time="0.003" classname="com.pragiti.abc.Hoola"/>
  <testcase name="checkout" time="0.006" classname="com.pragiti.abc.Hoola"/>
  <testcase name="checkout" time="0.005" classname="com.pragiti.abc.Hoola"/>
  <testcase name="checkout" time="0.007" classname="com.pragiti.abc.Hoola"/>
  <testcase name="checkout" time="0.005" classname="com.pragiti.abc.Hoola"/>
  <testcase name="checkout" time="0.003" classname="com.pragiti.abc.Hoola"/>
</testsuite> <!-- com.pragiti.abc.Hoola -->
