<?xml version="1.0" encoding="UTF-8"?>
<!-- Generated by org.testng.reporters.JUnitReportReporter -->
<testsuite skipped="0" hostname="Samik-PC" name="com.pragiti.kdd.UIExecutor" tests="1" failures="0" timestamp="15 Jul 2017 00:13:18 GMT" time="14.040" errors="0">
  <testcase name="execute" time="14.040" classname="com.pragiti.kdd.UIExecutor"/>
</testsuite> <!-- com.pragiti.kdd.UIExecutor -->
