<?xml version="1.0" encoding="UTF-8"?>
<!-- Generated by org.testng.reporters.JUnitReportReporter -->
<testsuite skipped="0" hostname="Samik-PC" name="com.pragiti.excutionEngine.UIExecutor" tests="7" failures="0" timestamp="04 Aug 2017 20:18:23 GMT" time="80.778" errors="0">
  <testcase name="execute" time="8.585" classname="com.pragiti.excutionEngine.UIExecutor"/>
  <testcase name="execute" time="29.027" classname="com.pragiti.excutionEngine.UIExecutor"/>
  <testcase name="execute" time="7.307" classname="com.pragiti.excutionEngine.UIExecutor"/>
  <testcase name="execute" time="7.741" classname="com.pragiti.excutionEngine.UIExecutor"/>
  <testcase name="execute" time="18.260" classname="com.pragiti.excutionEngine.UIExecutor"/>
  <testcase name="execute" time="4.397" classname="com.pragiti.excutionEngine.UIExecutor"/>
  <testcase name="execute" time="5.461" classname="com.pragiti.excutionEngine.UIExecutor"/>
</testsuite> <!-- com.pragiti.excutionEngine.UIExecutor -->
