<?xml version="1.0" encoding="UTF-8"?>
<!-- Generated by org.testng.reporters.JUnitReportReporter -->
<testsuite skipped="0" hostname="Samik-PC" name="com.pragiti.excutionEngine.UIExecutor" tests="5" failures="0" timestamp="18 Aug 2017 23:06:31 GMT" time="51.283" errors="0">
  <testcase name="execute" time="9.276" classname="com.pragiti.excutionEngine.UIExecutor"/>
  <testcase name="execute" time="7.948" classname="com.pragiti.excutionEngine.UIExecutor"/>
  <testcase name="execute" time="4.790" classname="com.pragiti.excutionEngine.UIExecutor"/>
  <testcase name="execute" time="7.375" classname="com.pragiti.excutionEngine.UIExecutor"/>
  <testcase name="execute" time="21.894" classname="com.pragiti.excutionEngine.UIExecutor"/>
</testsuite> <!-- com.pragiti.excutionEngine.UIExecutor -->
