<?xml version="1.0" encoding="UTF-8"?>
<!-- Generated by org.testng.reporters.JUnitReportReporter -->
<testsuite skipped="0" hostname="Samik-PC" name="com.pragiti.excutionEngine.UIExecutor" tests="5" failures="0" timestamp="18 Aug 2017 23:08:49 GMT" time="48.757" errors="0">
  <testcase name="execute" time="7.683" classname="com.pragiti.excutionEngine.UIExecutor"/>
  <testcase name="execute" time="20.240" classname="com.pragiti.excutionEngine.UIExecutor"/>
  <testcase name="execute" time="9.489" classname="com.pragiti.excutionEngine.UIExecutor"/>
  <testcase name="execute" time="4.279" classname="com.pragiti.excutionEngine.UIExecutor"/>
  <testcase name="execute" time="7.066" classname="com.pragiti.excutionEngine.UIExecutor"/>
</testsuite> <!-- com.pragiti.excutionEngine.UIExecutor -->
